# JRE version: Java(TM) SE Runtime Environment (8.0_131-b11) (build 1.8.0_131-b11)
# Java VM: Java HotSpot(TM) 64-Bit Server VM (25.131-b11 mixed mode windows-amd64 compressed oops)
Heap:
 PSYoungGen      total 214016K, used 179845K [0x000000076b700000, 0x0000000781380000, 0x00000007c0000000)
  eden space 210432K, 85% used [0x000000076b700000,0x00000007766a14c8,0x0000000778480000)
  from space 3584K, 0% used [0x000000077f200000,0x000000077f200000,0x000000077f580000)
  to   space 19968K, 0% used [0x0000000780000000,0x0000000780000000,0x0000000781380000)
 ParOldGen       total 164352K, used 21504K [0x00000006c2400000, 0x00000006cc480000, 0x000000076b700000)
  object space 164352K, 13% used [0x00000006c2400000,0x00000006c39001b8,0x00000006cc480000)
 Metaspace       used 38910K, capacity 39780K, committed 39936K, reserved 1083392K
  class space    used 4879K, capacity 5091K, committed 5120K, reserved 1048576K
GC Heap History (10 events):
Event: 138.945 GC heap before
{Heap before GC invocations=11 (full 3):
 PSYoungGen      total 236032K, used 2530K [0x000000076b700000, 0x000000077c980000, 0x00000007c0000000)
  eden space 217088K, 0% used [0x000000076b700000,0x000000076b700000,0x0000000778b00000)
  from space 18944K, 13% used [0x0000000779e80000,0x000000077a0f8bd0,0x000000077b100000)
  to   space 19968K, 0% used [0x0000000778b00000,0x0000000778b00000,0x0000000779e80000)
 ParOldGen       total 164352K, used 23966K [0x00000006c2400000, 0x00000006cc480000, 0x000000076b700000)
  object space 164352K, 14% used [0x00000006c2400000,0x00000006c3b678c0,0x00000006cc480000)
 Metaspace       used 37251K, capacity 37860K, committed 38144K, reserved 1083392K
  class space    used 4697K, capacity 4827K, committed 4864K, reserved 1048576K
Event: 139.033 GC heap after
Heap after GC invocations=11 (full 3):
 PSYoungGen      total 236032K, used 0K [0x000000076b700000, 0x000000077c980000, 0x00000007c0000000)
  eden space 217088K, 0% used [0x000000076b700000,0x000000076b700000,0x0000000778b00000)
  from space 18944K, 0% used [0x0000000779e80000,0x0000000779e80000,0x000000077b100000)
  to   space 19968K, 0% used [0x0000000778b00000,0x0000000778b00000,0x0000000779e80000)
 ParOldGen       total 164352K, used 22111K [0x00000006c2400000, 0x00000006cc480000, 0x000000076b700000)
  object space 164352K, 13% used [0x00000006c2400000,0x00000006c3997fa0,0x00000006cc480000)
 Metaspace       used 37251K, capacity 37860K, committed 38144K, reserved 1083392K
  class space    used 4697K, capacity 4827K, committed 4864K, reserved 1048576K
}
Event: 300.172 GC heap before
{Heap before GC invocations=12 (full 3):
 PSYoungGen      total 236032K, used 217088K [0x000000076b700000, 0x000000077c980000, 0x00000007c0000000)
  eden space 217088K, 100% used [0x000000076b700000,0x0000000778b00000,0x0000000778b00000)
  from space 18944K, 0% used [0x0000000779e80000,0x0000000779e80000,0x000000077b100000)
  to   space 19968K, 0% used [0x0000000778b00000,0x0000000778b00000,0x0000000779e80000)
 ParOldGen       total 164352K, used 22111K [0x00000006c2400000, 0x00000006cc480000, 0x000000076b700000)
  object space 164352K, 13% used [0x00000006c2400000,0x00000006c3997fa0,0x00000006cc480000)
 Metaspace       used 38084K, capacity 38816K, committed 39040K, reserved 1083392K
  class space    used 4782K, capacity 4937K, committed 4992K, reserved 1048576K
Event: 300.194 GC heap after
Heap after GC invocations=12 (full 3):
 PSYoungGen      total 237056K, used 6203K [0x000000076b700000, 0x0000000782680000, 0x00000007c0000000)
  eden space 217088K, 0% used [0x000000076b700000,0x000000076b700000,0x0000000778b00000)
  from space 19968K, 31% used [0x0000000778b00000,0x000000077910ed98,0x0000000779e80000)
  to   space 19968K, 0% used [0x0000000781300000,0x0000000781300000,0x0000000782680000)
 ParOldGen       total 164352K, used 22119K [0x00000006c2400000, 0x00000006cc480000, 0x000000076b700000)
  object space 164352K, 13% used [0x00000006c2400000,0x00000006c3999fa0,0x00000006cc480000)
 Metaspace       used 38084K, capacity 38816K, committed 39040K, reserved 1083392K
  class space    used 4782K, capacity 4937K, committed 4992K, reserved 1048576K
}
Event: 1621.935 GC heap before
{Heap before GC invocations=13 (full 3):
 PSYoungGen      total 237056K, used 223291K [0x000000076b700000, 0x0000000782680000, 0x00000007c0000000)
  eden space 217088K, 100% used [0x000000076b700000,0x0000000778b00000,0x0000000778b00000)
  from space 19968K, 31% used [0x0000000778b00000,0x000000077910ed98,0x0000000779e80000)
  to   space 19968K, 0% used [0x0000000781300000,0x0000000781300000,0x0000000782680000)
 ParOldGen       total 164352K, used 22119K [0x00000006c2400000, 0x00000006cc480000, 0x000000076b700000)
  object space 164352K, 13% used [0x00000006c2400000,0x00000006c3999fa0,0x00000006cc480000)
 Metaspace       used 38089K, capacity 38822K, committed 39040K, reserved 1083392K
  class space    used 4782K, capacity 4938K, committed 4992K, reserved 1048576K
Event: 1621.939 GC heap after
Heap after GC invocations=13 (full 3):
 PSYoungGen      total 215552K, used 4976K [0x000000076b700000, 0x0000000781800000, 0x00000007c0000000)
  eden space 210432K, 0% used [0x000000076b700000,0x000000076b700000,0x0000000778480000)
  from space 5120K, 97% used [0x0000000781300000,0x00000007817dc160,0x0000000781800000)
  to   space 19456K, 0% used [0x000000077f200000,0x000000077f200000,0x0000000780500000)
 ParOldGen       total 164352K, used 22127K [0x00000006c2400000, 0x00000006cc480000, 0x000000076b700000)
  object space 164352K, 13% used [0x00000006c2400000,0x00000006c399bfa0,0x00000006cc480000)
 Metaspace       used 38089K, capacity 38822K, committed 39040K, reserved 1083392K
  class space    used 4782K, capacity 4938K, committed 4992K, reserved 1048576K
}
Event: 2688.613 GC heap before
{Heap before GC invocations=14 (full 3):
 PSYoungGen      total 215552K, used 188593K [0x000000076b700000, 0x0000000781800000, 0x00000007c0000000)
  eden space 210432K, 87% used [0x000000076b700000,0x0000000776a50428,0x0000000778480000)
  from space 5120K, 97% used [0x0000000781300000,0x00000007817dc160,0x0000000781800000)
  to   space 19456K, 0% used [0x000000077f200000,0x000000077f200000,0x0000000780500000)
 ParOldGen       total 164352K, used 22127K [0x00000006c2400000, 0x00000006cc480000, 0x000000076b700000)
  object space 164352K, 13% used [0x00000006c2400000,0x00000006c399bfa0,0x00000006cc480000)
 Metaspace       used 38218K, capacity 39020K, committed 39168K, reserved 1083392K
  class space    used 4810K, capacity 5004K, committed 5120K, reserved 1048576K
Event: 2688.627 GC heap after
Heap after GC invocations=14 (full 3):
 PSYoungGen      total 214016K, used 3120K [0x000000076b700000, 0x0000000781380000, 0x00000007c0000000)
  eden space 210432K, 0% used [0x000000076b700000,0x000000076b700000,0x0000000778480000)
  from space 3584K, 87% used [0x000000077f200000,0x000000077f50c090,0x000000077f580000)
  to   space 19968K, 0% used [0x0000000780000000,0x0000000780000000,0x0000000781380000)
 ParOldGen       total 164352K, used 22135K [0x00000006c2400000, 0x00000006cc480000, 0x000000076b700000)
  object space 164352K, 13% used [0x00000006c2400000,0x00000006c399dfa0,0x00000006cc480000)
 Metaspace       used 38218K, capacity 39020K, committed 39168K, reserved 1083392K
  class space    used 4810K, capacity 5004K, committed 5120K, reserved 1048576K
}
Event: 2688.627 GC heap before
{Heap before GC invocations=15 (full 4):
 PSYoungGen      total 214016K, used 3120K [0x000000076b700000, 0x0000000781380000, 0x00000007c0000000)
  eden space 210432K, 0% used [0x000000076b700000,0x000000076b700000,0x0000000778480000)
  from space 3584K, 87% used [0x000000077f200000,0x000000077f50c090,0x000000077f580000)
  to   space 19968K, 0% used [0x0000000780000000,0x0000000780000000,0x0000000781380000)
 ParOldGen       total 164352K, used 22135K [0x00000006c2400000, 0x00000006cc480000, 0x000000076b700000)
  object space 164352K, 13% used [0x00000006c2400000,0x00000006c399dfa0,0x00000006cc480000)
 Metaspace       used 38218K, capacity 39020K, committed 39168K, reserved 1083392K
  class space    used 4810K, capacity 5004K, committed 5120K, reserved 1048576K
Event: 2688.755 GC heap after
Heap after GC invocations=15 (full 4):
 PSYoungGen      total 214016K, used 0K [0x000000076b700000, 0x0000000781380000, 0x00000007c0000000)
  eden space 210432K, 0% used [0x000000076b700000,0x000000076b700000,0x0000000778480000)
  from space 3584K, 0% used [0x000000077f200000,0x000000077f200000,0x000000077f580000)
  to   space 19968K, 0% used [0x0000000780000000,0x0000000780000000,0x0000000781380000)
 ParOldGen       total 164352K, used 21504K [0x00000006c2400000, 0x00000006cc480000, 0x000000076b700000)
  object space 164352K, 13% used [0x00000006c2400000,0x00000006c39001b8,0x00000006cc480000)
 Metaspace       used 38185K, capacity 38966K, committed 39168K, reserved 1083392K
  class space    used 4805K, capacity 4994K, committed 5120K, reserved 1048576K
}

